[2023-06-08 22:36:42,675] {processor.py:163} INFO - Started process (PID=8149) to work on /opt/airflow/dags/dag2.py
[2023-06-08 22:36:42,679] {processor.py:642} INFO - Processing file /opt/airflow/dags/dag2.py for tasks to queue
[2023-06-08 22:36:42,682] {logging_mixin.py:109} INFO - [2023-06-08 22:36:42,682] {dagbag.py:500} INFO - Filling up the DagBag from /opt/airflow/dags/dag2.py
[2023-06-08 22:36:43,180] {processor.py:652} INFO - DAG(s) dict_keys(['trigger_rule_dag_1']) retrieved from /opt/airflow/dags/dag2.py
[2023-06-08 22:36:43,268] {logging_mixin.py:109} INFO - [2023-06-08 22:36:43,267] {dag.py:2398} INFO - Sync 1 DAGs
[2023-06-08 22:36:43,322] {logging_mixin.py:109} INFO - [2023-06-08 22:36:43,321] {dag.py:2937} INFO - Setting next_dagrun for trigger_rule_dag_1 to 2023-06-07T00:00:00+00:00
[2023-06-08 22:36:43,341] {processor.py:171} INFO - Processing /opt/airflow/dags/dag2.py took 0.676 seconds
[2023-06-08 22:37:13,582] {processor.py:163} INFO - Started process (PID=8272) to work on /opt/airflow/dags/dag2.py
[2023-06-08 22:37:13,587] {processor.py:642} INFO - Processing file /opt/airflow/dags/dag2.py for tasks to queue
[2023-06-08 22:37:13,589] {logging_mixin.py:109} INFO - [2023-06-08 22:37:13,589] {dagbag.py:500} INFO - Filling up the DagBag from /opt/airflow/dags/dag2.py
[2023-06-08 22:37:14,176] {processor.py:652} INFO - DAG(s) dict_keys(['trigger_rule_dag_1']) retrieved from /opt/airflow/dags/dag2.py
[2023-06-08 22:37:14,269] {logging_mixin.py:109} INFO - [2023-06-08 22:37:14,269] {dag.py:2398} INFO - Sync 1 DAGs
[2023-06-08 22:37:14,325] {logging_mixin.py:109} INFO - [2023-06-08 22:37:14,325] {dag.py:2937} INFO - Setting next_dagrun for trigger_rule_dag_1 to 2023-06-07T00:00:00+00:00
[2023-06-08 22:37:14,349] {processor.py:171} INFO - Processing /opt/airflow/dags/dag2.py took 0.775 seconds
[2023-06-08 22:37:44,570] {processor.py:163} INFO - Started process (PID=8395) to work on /opt/airflow/dags/dag2.py
[2023-06-08 22:37:44,575] {processor.py:642} INFO - Processing file /opt/airflow/dags/dag2.py for tasks to queue
[2023-06-08 22:37:44,577] {logging_mixin.py:109} INFO - [2023-06-08 22:37:44,577] {dagbag.py:500} INFO - Filling up the DagBag from /opt/airflow/dags/dag2.py
[2023-06-08 22:37:45,048] {processor.py:652} INFO - DAG(s) dict_keys(['trigger_rule_dag_1']) retrieved from /opt/airflow/dags/dag2.py
[2023-06-08 22:37:45,110] {logging_mixin.py:109} INFO - [2023-06-08 22:37:45,110] {dag.py:2398} INFO - Sync 1 DAGs
[2023-06-08 22:37:45,167] {logging_mixin.py:109} INFO - [2023-06-08 22:37:45,167] {dag.py:2937} INFO - Setting next_dagrun for trigger_rule_dag_1 to 2023-06-07T00:00:00+00:00
[2023-06-08 22:37:45,189] {processor.py:171} INFO - Processing /opt/airflow/dags/dag2.py took 0.629 seconds
