[2023-06-08 22:36:52,756] {processor.py:163} INFO - Started process (PID=8173) to work on /opt/airflow/dags/news_letter.py
[2023-06-08 22:36:52,759] {processor.py:642} INFO - Processing file /opt/airflow/dags/news_letter.py for tasks to queue
[2023-06-08 22:36:52,761] {logging_mixin.py:109} INFO - [2023-06-08 22:36:52,761] {dagbag.py:500} INFO - Filling up the DagBag from /opt/airflow/dags/news_letter.py
[2023-06-08 22:36:52,842] {processor.py:652} INFO - DAG(s) dict_keys(['news_letter']) retrieved from /opt/airflow/dags/news_letter.py
[2023-06-08 22:36:52,890] {logging_mixin.py:109} INFO - [2023-06-08 22:36:52,889] {dag.py:2398} INFO - Sync 1 DAGs
[2023-06-08 22:36:52,940] {logging_mixin.py:109} INFO - [2023-06-08 22:36:52,939] {dag.py:2937} INFO - Setting next_dagrun for news_letter to 2023-06-08T00:00:00+00:00
[2023-06-08 22:36:52,960] {processor.py:171} INFO - Processing /opt/airflow/dags/news_letter.py took 0.211 seconds
[2023-06-08 22:37:25,928] {processor.py:163} INFO - Started process (PID=8294) to work on /opt/airflow/dags/news_letter.py
[2023-06-08 22:37:25,933] {processor.py:642} INFO - Processing file /opt/airflow/dags/news_letter.py for tasks to queue
[2023-06-08 22:37:25,936] {logging_mixin.py:109} INFO - [2023-06-08 22:37:25,936] {dagbag.py:500} INFO - Filling up the DagBag from /opt/airflow/dags/news_letter.py
[2023-06-08 22:37:26,027] {processor.py:652} INFO - DAG(s) dict_keys(['news_letter']) retrieved from /opt/airflow/dags/news_letter.py
[2023-06-08 22:37:26,089] {logging_mixin.py:109} INFO - [2023-06-08 22:37:26,088] {dag.py:2398} INFO - Sync 1 DAGs
[2023-06-08 22:37:26,143] {logging_mixin.py:109} INFO - [2023-06-08 22:37:26,143] {dag.py:2937} INFO - Setting next_dagrun for news_letter to 2023-06-08T00:00:00+00:00
[2023-06-08 22:37:26,167] {processor.py:171} INFO - Processing /opt/airflow/dags/news_letter.py took 0.249 seconds
[2023-06-08 22:37:56,500] {processor.py:163} INFO - Started process (PID=8405) to work on /opt/airflow/dags/news_letter.py
[2023-06-08 22:37:56,504] {processor.py:642} INFO - Processing file /opt/airflow/dags/news_letter.py for tasks to queue
[2023-06-08 22:37:56,507] {logging_mixin.py:109} INFO - [2023-06-08 22:37:56,507] {dagbag.py:500} INFO - Filling up the DagBag from /opt/airflow/dags/news_letter.py
[2023-06-08 22:37:56,578] {processor.py:652} INFO - DAG(s) dict_keys(['news_letter']) retrieved from /opt/airflow/dags/news_letter.py
[2023-06-08 22:37:56,651] {logging_mixin.py:109} INFO - [2023-06-08 22:37:56,651] {dag.py:2398} INFO - Sync 1 DAGs
[2023-06-08 22:37:56,711] {logging_mixin.py:109} INFO - [2023-06-08 22:37:56,710] {dag.py:2937} INFO - Setting next_dagrun for news_letter to 2023-06-08T00:00:00+00:00
[2023-06-08 22:37:56,734] {processor.py:171} INFO - Processing /opt/airflow/dags/news_letter.py took 0.241 seconds
