[2023-06-08 22:36:39,047] {processor.py:163} INFO - Started process (PID=8143) to work on /opt/airflow/dags/python_dag.py
[2023-06-08 22:36:39,052] {processor.py:642} INFO - Processing file /opt/airflow/dags/python_dag.py for tasks to queue
[2023-06-08 22:36:39,054] {logging_mixin.py:109} INFO - [2023-06-08 22:36:39,054] {dagbag.py:500} INFO - Filling up the DagBag from /opt/airflow/dags/python_dag.py
[2023-06-08 22:36:39,358] {processor.py:652} INFO - DAG(s) dict_keys(['python_dag']) retrieved from /opt/airflow/dags/python_dag.py
[2023-06-08 22:36:39,403] {logging_mixin.py:109} INFO - [2023-06-08 22:36:39,402] {dag.py:2398} INFO - Sync 1 DAGs
[2023-06-08 22:36:39,454] {logging_mixin.py:109} INFO - [2023-06-08 22:36:39,454] {dag.py:2937} INFO - Setting next_dagrun for python_dag to 2023-06-07 00:00:00+00:00
[2023-06-08 22:36:39,474] {processor.py:171} INFO - Processing /opt/airflow/dags/python_dag.py took 0.437 seconds
[2023-06-08 22:37:09,795] {processor.py:163} INFO - Started process (PID=8264) to work on /opt/airflow/dags/python_dag.py
[2023-06-08 22:37:09,800] {processor.py:642} INFO - Processing file /opt/airflow/dags/python_dag.py for tasks to queue
[2023-06-08 22:37:09,804] {logging_mixin.py:109} INFO - [2023-06-08 22:37:09,803] {dagbag.py:500} INFO - Filling up the DagBag from /opt/airflow/dags/python_dag.py
[2023-06-08 22:37:10,264] {processor.py:652} INFO - DAG(s) dict_keys(['python_dag']) retrieved from /opt/airflow/dags/python_dag.py
[2023-06-08 22:37:10,317] {logging_mixin.py:109} INFO - [2023-06-08 22:37:10,317] {dag.py:2398} INFO - Sync 1 DAGs
[2023-06-08 22:37:10,378] {logging_mixin.py:109} INFO - [2023-06-08 22:37:10,377] {dag.py:2937} INFO - Setting next_dagrun for python_dag to 2023-06-07 00:00:00+00:00
[2023-06-08 22:37:10,402] {processor.py:171} INFO - Processing /opt/airflow/dags/python_dag.py took 0.613 seconds
[2023-06-08 22:37:41,023] {processor.py:163} INFO - Started process (PID=8389) to work on /opt/airflow/dags/python_dag.py
[2023-06-08 22:37:41,027] {processor.py:642} INFO - Processing file /opt/airflow/dags/python_dag.py for tasks to queue
[2023-06-08 22:37:41,030] {logging_mixin.py:109} INFO - [2023-06-08 22:37:41,030] {dagbag.py:500} INFO - Filling up the DagBag from /opt/airflow/dags/python_dag.py
[2023-06-08 22:37:41,365] {processor.py:652} INFO - DAG(s) dict_keys(['python_dag']) retrieved from /opt/airflow/dags/python_dag.py
[2023-06-08 22:37:41,413] {logging_mixin.py:109} INFO - [2023-06-08 22:37:41,413] {dag.py:2398} INFO - Sync 1 DAGs
[2023-06-08 22:37:41,464] {logging_mixin.py:109} INFO - [2023-06-08 22:37:41,464] {dag.py:2937} INFO - Setting next_dagrun for python_dag to 2023-06-07 00:00:00+00:00
[2023-06-08 22:37:41,484] {processor.py:171} INFO - Processing /opt/airflow/dags/python_dag.py took 0.468 seconds
